menudrawer/build/outputs/logs/manifest-merger-debug-report.txt
-- Merging decision tree log ---
manifest
ADDED from InfraccionesAndroid\menudrawer\AndroidManifest.xml:2:1-10:12
INJECTED from InfraccionesAndroid\menudrawer\AndroidManifest.xml:2:1-10:12
INJECTED from InfraccionesAndroid\menudrawer\AndroidManifest.xml:2:1-10:12
INJECTED from InfraccionesAndroid\menudrawer\AndroidManifest.xml:2:1-10:12
INJECTED from InfraccionesAndroid\menudrawer\AndroidManifest.xml:2:1-10:12
INJECTED from InfraccionesAndroid\menudrawer\AndroidManifest.xml:2:1-10:12
INJECTED from InfraccionesAndroid\menudrawer\AndroidManifest.xml:2:1-10:12
	package
		ADDED from InfraccionesAndroid\menudrawer\AndroidManifest.xml:3:5-37
		INJECTED from InfraccionesAndroid\menudrawer\AndroidManifest.xml
		INJECTED from InfraccionesAndroid\menudrawer\AndroidManifest.xml
	android:versionName
		INJECTED from InfraccionesAndroid\menudrawer\AndroidManifest.xml
		ADDED from InfraccionesAndroid\menudrawer\AndroidManifest.xml:2:1-10:12
		INJECTED from InfraccionesAndroid\menudrawer\AndroidManifest.xml
	xsi:schemaLocation
		ADDED from InfraccionesAndroid\menudrawer\AndroidManifest.xml:5:5-69
	android:versionCode
		INJECTED from InfraccionesAndroid\menudrawer\AndroidManifest.xml
		ADDED from InfraccionesAndroid\menudrawer\AndroidManifest.xml:2:1-10:12
		INJECTED from InfraccionesAndroid\menudrawer\AndroidManifest.xml
	xmlns:android
		ADDED from InfraccionesAndroid\menudrawer\AndroidManifest.xml:2:11-69
	xmlns:xsi
		ADDED from InfraccionesAndroid\menudrawer\AndroidManifest.xml:4:5-58
uses-sdk
ADDED from InfraccionesAndroid\menudrawer\AndroidManifest.xml:7:5-9:41
INJECTED from InfraccionesAndroid\menudrawer\AndroidManifest.xml:7:5-9:41
INJECTED from InfraccionesAndroid\menudrawer\AndroidManifest.xml:7:5-9:41
INJECTED from InfraccionesAndroid\menudrawer\AndroidManifest.xml:7:5-9:41
INJECTED from InfraccionesAndroid\menudrawer\AndroidManifest.xml:7:5-9:41
	android:targetSdkVersion
		ADDED from InfraccionesAndroid\menudrawer\AndroidManifest.xml:9:9-38
		INJECTED from InfraccionesAndroid\menudrawer\AndroidManifest.xml
		INJECTED from InfraccionesAndroid\menudrawer\AndroidManifest.xml
	android:minSdkVersion
		ADDED from InfraccionesAndroid\menudrawer\AndroidManifest.xml:8:9-35
		INJECTED from InfraccionesAndroid\menudrawer\AndroidManifest.xml
		INJECTED from InfraccionesAndroid\menudrawer\AndroidManifest.xml